{"/home/janko/FrontendPlayground/src/Components/DataTable/DataTable.tsx": {"path":"/home/janko/FrontendPlayground/src/Components/DataTable/DataTable.tsx","statementMap":{"0":{"start":{"line":13,"column":45},"end":{"line":106,"column":1}},"1":{"start":{"line":14,"column":30},"end":{"line":14,"column":48}},"2":{"start":{"line":15,"column":44},"end":{"line":17,"column":3}},"3":{"start":{"line":18,"column":23},"end":{"line":18,"column":58}},"4":{"start":{"line":20,"column":4},"end":{"line":20,"column":45}},"5":{"start":{"line":22,"column":4},"end":{"line":22,"column":67}},"6":{"start":{"line":24,"column":24},"end":{"line":33,"column":6}},"7":{"start":{"line":25,"column":4},"end":{"line":33,"column":6}},"8":{"start":{"line":26,"column":16},"end":{"line":26,"column":29}},"9":{"start":{"line":27,"column":6},"end":{"line":31,"column":7}},"10":{"start":{"line":28,"column":8},"end":{"line":28,"column":26}},"11":{"start":{"line":30,"column":8},"end":{"line":30,"column":22}},"12":{"start":{"line":32,"column":6},"end":{"line":32,"column":15}},"13":{"start":{"line":35,"column":24},"end":{"line":57,"column":3}},"14":{"start":{"line":37,"column":6},"end":{"line":55,"column":8}},"15":{"start":{"line":38,"column":8},"end":{"line":54,"column":13}},"16":{"start":{"line":39,"column":28},"end":{"line":39,"column":45}},"17":{"start":{"line":43,"column":16},"end":{"line":51,"column":22}},"18":{"start":{"line":49,"column":37},"end":{"line":49,"column":76}},"19":{"start":{"line":59,"column":21},"end":{"line":65,"column":4}},"20":{"start":{"line":60,"column":4},"end":{"line":64,"column":9}},"21":{"start":{"line":62,"column":8},"end":{"line":62,"column":37}},"22":{"start":{"line":67,"column":2},"end":{"line":105,"column":4}},"23":{"start":{"line":83,"column":31},"end":{"line":83,"column":68}},"24":{"start":{"line":86,"column":16},"end":{"line":88,"column":25}}},"fnMap":{"0":{"name":"(anonymous_0)","decl":{"start":{"line":13,"column":45},"end":{"line":13,"column":46}},"loc":{"start":{"line":13,"column":78},"end":{"line":106,"column":1}},"line":13},"1":{"name":"(anonymous_1)","decl":{"start":{"line":24,"column":24},"end":{"line":24,"column":25}},"loc":{"start":{"line":25,"column":4},"end":{"line":33,"column":6}},"line":25},"2":{"name":"(anonymous_2)","decl":{"start":{"line":25,"column":21},"end":{"line":25,"column":22}},"loc":{"start":{"line":25,"column":31},"end":{"line":33,"column":5}},"line":25},"3":{"name":"(anonymous_3)","decl":{"start":{"line":36,"column":4},"end":{"line":36,"column":5}},"loc":{"start":{"line":37,"column":6},"end":{"line":55,"column":8}},"line":37},"4":{"name":"(anonymous_4)","decl":{"start":{"line":37,"column":18},"end":{"line":37,"column":19}},"loc":{"start":{"line":38,"column":8},"end":{"line":54,"column":13}},"line":38},"5":{"name":"(anonymous_5)","decl":{"start":{"line":39,"column":22},"end":{"line":39,"column":23}},"loc":{"start":{"line":39,"column":28},"end":{"line":39,"column":45}},"line":39},"6":{"name":"(anonymous_6)","decl":{"start":{"line":42,"column":25},"end":{"line":42,"column":26}},"loc":{"start":{"line":43,"column":16},"end":{"line":51,"column":22}},"line":43},"7":{"name":"(anonymous_7)","decl":{"start":{"line":49,"column":30},"end":{"line":49,"column":31}},"loc":{"start":{"line":49,"column":37},"end":{"line":49,"column":76}},"line":49},"8":{"name":"(anonymous_8)","decl":{"start":{"line":59,"column":42},"end":{"line":59,"column":43}},"loc":{"start":{"line":60,"column":4},"end":{"line":64,"column":9}},"line":60},"9":{"name":"(anonymous_9)","decl":{"start":{"line":61,"column":19},"end":{"line":61,"column":20}},"loc":{"start":{"line":62,"column":8},"end":{"line":62,"column":37}},"line":62},"10":{"name":"(anonymous_10)","decl":{"start":{"line":83,"column":24},"end":{"line":83,"column":25}},"loc":{"start":{"line":83,"column":31},"end":{"line":83,"column":68}},"line":83},"11":{"name":"(anonymous_11)","decl":{"start":{"line":85,"column":31},"end":{"line":85,"column":32}},"loc":{"start":{"line":86,"column":16},"end":{"line":88,"column":25}},"line":86}},"branchMap":{"0":{"loc":{"start":{"line":27,"column":6},"end":{"line":31,"column":7}},"type":"if","locations":[{"start":{"line":27,"column":6},"end":{"line":31,"column":7}},{"start":{"line":29,"column":13},"end":{"line":31,"column":7}}],"line":27},"1":{"loc":{"start":{"line":41,"column":13},"end":{"line":52,"column":16}},"type":"binary-expr","locations":[{"start":{"line":41,"column":13},"end":{"line":41,"column":19}},{"start":{"line":42,"column":14},"end":{"line":52,"column":16}}],"line":41}},"s":{"0":0,"1":0,"2":0,"3":0,"4":0,"5":0,"6":0,"7":0,"8":0,"9":0,"10":0,"11":0,"12":0,"13":0,"14":0,"15":0,"16":0,"17":0,"18":0,"19":0,"20":0,"21":0,"22":0,"23":0,"24":0},"f":{"0":0,"1":0,"2":0,"3":0,"4":0,"5":0,"6":0,"7":0,"8":0,"9":0,"10":0,"11":0},"b":{"0":[0,0],"1":[0,0]}}
,"/home/janko/FrontendPlayground/src/Components/DataTable/DataTable.types.ts": {"path":"/home/janko/FrontendPlayground/src/Components/DataTable/DataTable.types.ts","statementMap":{},"fnMap":{},"branchMap":{},"s":{},"f":{},"b":{}}
,"/home/janko/FrontendPlayground/src/Components/DataTable/DataTableExample.tsx": {"path":"/home/janko/FrontendPlayground/src/Components/DataTable/DataTableExample.tsx","statementMap":{"0":{"start":{"line":4,"column":16},"end":{"line":9,"column":1}},"1":{"start":{"line":10,"column":32},"end":{"line":12,"column":1}},"2":{"start":{"line":11,"column":2},"end":{"line":11,"column":66}}},"fnMap":{"0":{"name":"(anonymous_0)","decl":{"start":{"line":10,"column":32},"end":{"line":10,"column":33}},"loc":{"start":{"line":10,"column":38},"end":{"line":12,"column":1}},"line":10}},"branchMap":{},"s":{"0":0,"1":0,"2":0},"f":{"0":0},"b":{}}
,"/home/janko/FrontendPlayground/src/Components/DataTable/index.ts": {"path":"/home/janko/FrontendPlayground/src/Components/DataTable/index.ts","statementMap":{},"fnMap":{},"branchMap":{},"s":{},"f":{},"b":{}}
,"/home/janko/FrontendPlayground/src/Components/DataTable/useDataFilters.ts": {"path":"/home/janko/FrontendPlayground/src/Components/DataTable/useDataFilters.ts","statementMap":{"0":{"start":{"line":8,"column":46},"end":{"line":25,"column":1}},"1":{"start":{"line":9,"column":15},"end":{"line":9,"column":41}},"2":{"start":{"line":11,"column":2},"end":{"line":24,"column":4}},"3":{"start":{"line":12,"column":4},"end":{"line":23,"column":12}},"4":{"start":{"line":14,"column":24},"end":{"line":14,"column":50}},"5":{"start":{"line":15,"column":10},"end":{"line":17,"column":11}},"6":{"start":{"line":16,"column":12},"end":{"line":16,"column":62}},"7":{"start":{"line":18,"column":10},"end":{"line":20,"column":11}},"8":{"start":{"line":19,"column":12},"end":{"line":19,"column":62}},"9":{"start":{"line":21,"column":10},"end":{"line":21,"column":69}}},"fnMap":{"0":{"name":"(anonymous_0)","decl":{"start":{"line":8,"column":46},"end":{"line":8,"column":47}},"loc":{"start":{"line":8,"column":69},"end":{"line":25,"column":1}},"line":8},"1":{"name":"(anonymous_1)","decl":{"start":{"line":11,"column":25},"end":{"line":11,"column":26}},"loc":{"start":{"line":12,"column":4},"end":{"line":23,"column":12}},"line":12},"2":{"name":"(anonymous_2)","decl":{"start":{"line":13,"column":19},"end":{"line":13,"column":20}},"loc":{"start":{"line":13,"column":28},"end":{"line":22,"column":9}},"line":13}},"branchMap":{"0":{"loc":{"start":{"line":12,"column":4},"end":{"line":23,"column":12}},"type":"cond-expr","locations":[{"start":{"line":13,"column":8},"end":{"line":22,"column":10}},{"start":{"line":23,"column":8},"end":{"line":23,"column":12}}],"line":12},"1":{"loc":{"start":{"line":15,"column":10},"end":{"line":17,"column":11}},"type":"if","locations":[{"start":{"line":15,"column":10},"end":{"line":17,"column":11}},{"start":{},"end":{}}],"line":15},"2":{"loc":{"start":{"line":18,"column":10},"end":{"line":20,"column":11}},"type":"if","locations":[{"start":{"line":18,"column":10},"end":{"line":20,"column":11}},{"start":{},"end":{}}],"line":18}},"s":{"0":0,"1":0,"2":0,"3":0,"4":0,"5":0,"6":0,"7":0,"8":0,"9":0},"f":{"0":0,"1":0,"2":0},"b":{"0":[0,0],"1":[0,0],"2":[0,0]}}
,"/home/janko/FrontendPlayground/src/Components/DataTable/usePagination.ts": {"path":"/home/janko/FrontendPlayground/src/Components/DataTable/usePagination.ts","statementMap":{"0":{"start":{"line":12,"column":44},"end":{"line":41,"column":1}},"1":{"start":{"line":13,"column":20},"end":{"line":13,"column":53}},"2":{"start":{"line":14,"column":40},"end":{"line":14,"column":51}},"3":{"start":{"line":16,"column":17},"end":{"line":18,"column":17}},"4":{"start":{"line":17,"column":4},"end":{"line":17,"column":67}},"5":{"start":{"line":17,"column":30},"end":{"line":17,"column":64}},"6":{"start":{"line":20,"column":17},"end":{"line":22,"column":8}},"7":{"start":{"line":21,"column":4},"end":{"line":21,"column":59}},"8":{"start":{"line":21,"column":30},"end":{"line":21,"column":56}},"9":{"start":{"line":24,"column":2},"end":{"line":26,"column":23}},"10":{"start":{"line":25,"column":4},"end":{"line":25,"column":22}},"11":{"start":{"line":28,"column":27},"end":{"line":31,"column":3}},"12":{"start":{"line":33,"column":2},"end":{"line":40,"column":4}}},"fnMap":{"0":{"name":"(anonymous_0)","decl":{"start":{"line":12,"column":44},"end":{"line":12,"column":45}},"loc":{"start":{"line":12,"column":68},"end":{"line":41,"column":1}},"line":12},"1":{"name":"(anonymous_1)","decl":{"start":{"line":16,"column":29},"end":{"line":16,"column":30}},"loc":{"start":{"line":16,"column":35},"end":{"line":18,"column":3}},"line":16},"2":{"name":"(anonymous_2)","decl":{"start":{"line":17,"column":19},"end":{"line":17,"column":20}},"loc":{"start":{"line":17,"column":30},"end":{"line":17,"column":64}},"line":17},"3":{"name":"(anonymous_3)","decl":{"start":{"line":20,"column":29},"end":{"line":20,"column":30}},"loc":{"start":{"line":20,"column":35},"end":{"line":22,"column":3}},"line":20},"4":{"name":"(anonymous_4)","decl":{"start":{"line":21,"column":19},"end":{"line":21,"column":20}},"loc":{"start":{"line":21,"column":30},"end":{"line":21,"column":56}},"line":21},"5":{"name":"(anonymous_5)","decl":{"start":{"line":24,"column":12},"end":{"line":24,"column":13}},"loc":{"start":{"line":24,"column":18},"end":{"line":26,"column":3}},"line":24}},"branchMap":{"0":{"loc":{"start":{"line":17,"column":30},"end":{"line":17,"column":64}},"type":"cond-expr","locations":[{"start":{"line":17,"column":49},"end":{"line":17,"column":57}},{"start":{"line":17,"column":60},"end":{"line":17,"column":64}}],"line":17},"1":{"loc":{"start":{"line":21,"column":30},"end":{"line":21,"column":56}},"type":"cond-expr","locations":[{"start":{"line":21,"column":41},"end":{"line":21,"column":49}},{"start":{"line":21,"column":52},"end":{"line":21,"column":56}}],"line":21}},"s":{"0":0,"1":0,"2":0,"3":0,"4":0,"5":0,"6":0,"7":0,"8":0,"9":0,"10":0,"11":0,"12":0},"f":{"0":0,"1":0,"2":0,"3":0,"4":0,"5":0},"b":{"0":[0,0],"1":[0,0]}}
,"/home/janko/FrontendPlayground/src/Components/DataTable/useSortByColumn.ts": {"path":"/home/janko/FrontendPlayground/src/Components/DataTable/useSortByColumn.ts","statementMap":{"0":{"start":{"line":5,"column":31},"end":{"line":45,"column":1}},"1":{"start":{"line":8,"column":38},"end":{"line":8,"column":57}},"2":{"start":{"line":9,"column":18},"end":{"line":9,"column":72}},"3":{"start":{"line":11,"column":2},"end":{"line":14,"column":19}},"4":{"start":{"line":12,"column":4},"end":{"line":12,"column":24}},"5":{"start":{"line":16,"column":23},"end":{"line":42,"column":3}},"6":{"start":{"line":18,"column":21},"end":{"line":18,"column":24}},"7":{"start":{"line":19,"column":25},"end":{"line":19,"column":30}},"8":{"start":{"line":20,"column":6},"end":{"line":22,"column":7}},"9":{"start":{"line":21,"column":8},"end":{"line":21,"column":65}},"10":{"start":{"line":23,"column":6},"end":{"line":26,"column":8}},"11":{"start":{"line":28,"column":21},"end":{"line":38,"column":8}},"12":{"start":{"line":30,"column":8},"end":{"line":34,"column":9}},"13":{"start":{"line":31,"column":10},"end":{"line":33,"column":55}},"14":{"start":{"line":35,"column":8},"end":{"line":37,"column":44}},"15":{"start":{"line":39,"column":6},"end":{"line":39,"column":28}},"16":{"start":{"line":44,"column":2},"end":{"line":44,"column":38}}},"fnMap":{"0":{"name":"(anonymous_0)","decl":{"start":{"line":5,"column":31},"end":{"line":5,"column":32}},"loc":{"start":{"line":7,"column":5},"end":{"line":45,"column":1}},"line":7},"1":{"name":"(anonymous_1)","decl":{"start":{"line":11,"column":12},"end":{"line":11,"column":13}},"loc":{"start":{"line":11,"column":16},"end":{"line":14,"column":3}},"line":11},"2":{"name":"(anonymous_2)","decl":{"start":{"line":17,"column":4},"end":{"line":17,"column":5}},"loc":{"start":{"line":17,"column":22},"end":{"line":40,"column":5}},"line":17},"3":{"name":"(anonymous_3)","decl":{"start":{"line":28,"column":39},"end":{"line":28,"column":40}},"loc":{"start":{"line":28,"column":49},"end":{"line":38,"column":7}},"line":28}},"branchMap":{"0":{"loc":{"start":{"line":20,"column":6},"end":{"line":22,"column":7}},"type":"if","locations":[{"start":{"line":20,"column":6},"end":{"line":22,"column":7}},{"start":{},"end":{}}],"line":20},"1":{"loc":{"start":{"line":21,"column":16},"end":{"line":21,"column":64}},"type":"cond-expr","locations":[{"start":{"line":21,"column":50},"end":{"line":21,"column":56}},{"start":{"line":21,"column":59},"end":{"line":21,"column":64}}],"line":21},"2":{"loc":{"start":{"line":30,"column":8},"end":{"line":34,"column":9}},"type":"if","locations":[{"start":{"line":30,"column":8},"end":{"line":34,"column":9}},{"start":{},"end":{}}],"line":30},"3":{"loc":{"start":{"line":31,"column":17},"end":{"line":33,"column":54}},"type":"cond-expr","locations":[{"start":{"line":32,"column":14},"end":{"line":32,"column":52}},{"start":{"line":33,"column":14},"end":{"line":33,"column":54}}],"line":31},"4":{"loc":{"start":{"line":35,"column":15},"end":{"line":37,"column":43}},"type":"cond-expr","locations":[{"start":{"line":36,"column":12},"end":{"line":36,"column":43}},{"start":{"line":37,"column":12},"end":{"line":37,"column":43}}],"line":35}},"s":{"0":0,"1":0,"2":0,"3":0,"4":0,"5":0,"6":0,"7":0,"8":0,"9":0,"10":0,"11":0,"12":0,"13":0,"14":0,"15":0,"16":0},"f":{"0":0,"1":0,"2":0,"3":0},"b":{"0":[0,0],"1":[0,0],"2":[0,0],"3":[0,0],"4":[0,0]}}
,"/home/janko/FrontendPlayground/src/Components/ImageCarousel/ImageCarousel.tsx": {"path":"/home/janko/FrontendPlayground/src/Components/ImageCarousel/ImageCarousel.tsx","statementMap":{"0":{"start":{"line":12,"column":19},"end":{"line":24,"column":1}},"1":{"start":{"line":17,"column":2},"end":{"line":19,"column":3}},"2":{"start":{"line":18,"column":4},"end":{"line":18,"column":16}},"3":{"start":{"line":20,"column":2},"end":{"line":22,"column":3}},"4":{"start":{"line":21,"column":4},"end":{"line":21,"column":17}},"5":{"start":{"line":23,"column":2},"end":{"line":23,"column":33}},"6":{"start":{"line":26,"column":26},"end":{"line":41,"column":1}},"7":{"start":{"line":31,"column":2},"end":{"line":36,"column":3}},"8":{"start":{"line":32,"column":4},"end":{"line":35,"column":6}},"9":{"start":{"line":37,"column":2},"end":{"line":40,"column":4}},"10":{"start":{"line":44,"column":14},"end":{"line":44,"column":25}},"11":{"start":{"line":45,"column":2},"end":{"line":45,"column":16}},"12":{"start":{"line":48,"column":53},"end":{"line":125,"column":1}},"13":{"start":{"line":49,"column":42},"end":{"line":49,"column":57}},"14":{"start":{"line":50,"column":40},"end":{"line":50,"column":51}},"15":{"start":{"line":51,"column":36},"end":{"line":51,"column":65}},"16":{"start":{"line":52,"column":19},"end":{"line":52,"column":36}},"17":{"start":{"line":54,"column":26},"end":{"line":57,"column":3}},"18":{"start":{"line":55,"column":10},"end":{"line":55,"column":61}},"19":{"start":{"line":59,"column":17},"end":{"line":64,"column":3}},"20":{"start":{"line":60,"column":4},"end":{"line":60,"column":60}},"21":{"start":{"line":61,"column":4},"end":{"line":63,"column":7}},"22":{"start":{"line":62,"column":6},"end":{"line":62,"column":28}},"23":{"start":{"line":65,"column":17},"end":{"line":70,"column":3}},"24":{"start":{"line":66,"column":4},"end":{"line":66,"column":53}},"25":{"start":{"line":67,"column":4},"end":{"line":69,"column":7}},"26":{"start":{"line":68,"column":6},"end":{"line":68,"column":28}},"27":{"start":{"line":71,"column":26},"end":{"line":77,"column":3}},"28":{"start":{"line":72,"column":4},"end":{"line":76,"column":5}},"29":{"start":{"line":73,"column":6},"end":{"line":73,"column":33}},"30":{"start":{"line":74,"column":6},"end":{"line":74,"column":29}},"31":{"start":{"line":75,"column":6},"end":{"line":75,"column":25}},"32":{"start":{"line":79,"column":22},"end":{"line":79,"column":41}},"33":{"start":{"line":80,"column":20},"end":{"line":80,"column":65}},"34":{"start":{"line":82,"column":2},"end":{"line":89,"column":38}},"35":{"start":{"line":83,"column":22},"end":{"line":83,"column":63}},"36":{"start":{"line":84,"column":22},"end":{"line":84,"column":56}},"37":{"start":{"line":85,"column":26},"end":{"line":85,"column":43}},"38":{"start":{"line":86,"column":26},"end":{"line":86,"column":43}},"39":{"start":{"line":87,"column":4},"end":{"line":87,"column":36}},"40":{"start":{"line":88,"column":4},"end":{"line":88,"column":36}},"41":{"start":{"line":91,"column":2},"end":{"line":124,"column":4}}},"fnMap":{"0":{"name":"(anonymous_0)","decl":{"start":{"line":12,"column":19},"end":{"line":12,"column":20}},"loc":{"start":{"line":16,"column":5},"end":{"line":24,"column":1}},"line":16},"1":{"name":"(anonymous_1)","decl":{"start":{"line":26,"column":26},"end":{"line":26,"column":27}},"loc":{"start":{"line":30,"column":5},"end":{"line":41,"column":1}},"line":30},"2":{"name":"preLoadImage","decl":{"start":{"line":43,"column":9},"end":{"line":43,"column":21}},"loc":{"start":{"line":43,"column":35},"end":{"line":46,"column":1}},"line":43},"3":{"name":"(anonymous_3)","decl":{"start":{"line":48,"column":53},"end":{"line":48,"column":54}},"loc":{"start":{"line":48,"column":69},"end":{"line":125,"column":1}},"line":48},"4":{"name":"(anonymous_4)","decl":{"start":{"line":55,"column":4},"end":{"line":55,"column":5}},"loc":{"start":{"line":55,"column":10},"end":{"line":55,"column":61}},"line":55},"5":{"name":"(anonymous_5)","decl":{"start":{"line":59,"column":17},"end":{"line":59,"column":18}},"loc":{"start":{"line":59,"column":23},"end":{"line":64,"column":3}},"line":59},"6":{"name":"(anonymous_6)","decl":{"start":{"line":61,"column":26},"end":{"line":61,"column":27}},"loc":{"start":{"line":61,"column":32},"end":{"line":63,"column":5}},"line":61},"7":{"name":"(anonymous_7)","decl":{"start":{"line":65,"column":17},"end":{"line":65,"column":18}},"loc":{"start":{"line":65,"column":23},"end":{"line":70,"column":3}},"line":65},"8":{"name":"(anonymous_8)","decl":{"start":{"line":67,"column":26},"end":{"line":67,"column":27}},"loc":{"start":{"line":67,"column":32},"end":{"line":69,"column":5}},"line":67},"9":{"name":"(anonymous_9)","decl":{"start":{"line":71,"column":26},"end":{"line":71,"column":27}},"loc":{"start":{"line":71,"column":50},"end":{"line":77,"column":3}},"line":71},"10":{"name":"(anonymous_10)","decl":{"start":{"line":82,"column":12},"end":{"line":82,"column":13}},"loc":{"start":{"line":82,"column":18},"end":{"line":89,"column":3}},"line":82}},"branchMap":{"0":{"loc":{"start":{"line":17,"column":2},"end":{"line":19,"column":3}},"type":"if","locations":[{"start":{"line":17,"column":2},"end":{"line":19,"column":3}},{"start":{},"end":{}}],"line":17},"1":{"loc":{"start":{"line":17,"column":6},"end":{"line":17,"column":49}},"type":"binary-expr","locations":[{"start":{"line":17,"column":6},"end":{"line":17,"column":30}},{"start":{"line":17,"column":34},"end":{"line":17,"column":49}}],"line":17},"2":{"loc":{"start":{"line":20,"column":2},"end":{"line":22,"column":3}},"type":"if","locations":[{"start":{"line":20,"column":2},"end":{"line":22,"column":3}},{"start":{},"end":{}}],"line":20},"3":{"loc":{"start":{"line":20,"column":6},"end":{"line":20,"column":49}},"type":"binary-expr","locations":[{"start":{"line":20,"column":6},"end":{"line":20,"column":23}},{"start":{"line":20,"column":27},"end":{"line":20,"column":49}}],"line":20},"4":{"loc":{"start":{"line":31,"column":2},"end":{"line":36,"column":3}},"type":"if","locations":[{"start":{"line":31,"column":2},"end":{"line":36,"column":3}},{"start":{},"end":{}}],"line":31},"5":{"loc":{"start":{"line":31,"column":6},"end":{"line":31,"column":72}},"type":"binary-expr","locations":[{"start":{"line":31,"column":6},"end":{"line":31,"column":24}},{"start":{"line":31,"column":28},"end":{"line":31,"column":72}}],"line":31},"6":{"loc":{"start":{"line":72,"column":4},"end":{"line":76,"column":5}},"type":"if","locations":[{"start":{"line":72,"column":4},"end":{"line":76,"column":5}},{"start":{},"end":{}}],"line":72},"7":{"loc":{"start":{"line":80,"column":20},"end":{"line":80,"column":65}},"type":"cond-expr","locations":[{"start":{"line":80,"column":41},"end":{"line":80,"column":58}},{"start":{"line":80,"column":61},"end":{"line":80,"column":65}}],"line":80},"8":{"loc":{"start":{"line":102,"column":45},"end":{"line":102,"column":65}},"type":"binary-expr","locations":[{"start":{"line":102,"column":45},"end":{"line":102,"column":57}},{"start":{"line":102,"column":61},"end":{"line":102,"column":65}}],"line":102},"9":{"loc":{"start":{"line":108,"column":45},"end":{"line":108,"column":67}},"type":"binary-expr","locations":[{"start":{"line":108,"column":45},"end":{"line":108,"column":58}},{"start":{"line":108,"column":62},"end":{"line":108,"column":67}}],"line":108},"10":{"loc":{"start":{"line":109,"column":10},"end":{"line":109,"column":32}},"type":"binary-expr","locations":[{"start":{"line":109,"column":10},"end":{"line":109,"column":20}},{"start":{"line":109,"column":24},"end":{"line":109,"column":32}}],"line":109}},"s":{"0":0,"1":0,"2":0,"3":0,"4":0,"5":0,"6":0,"7":0,"8":0,"9":0,"10":0,"11":0,"12":0,"13":0,"14":0,"15":0,"16":0,"17":0,"18":0,"19":0,"20":0,"21":0,"22":0,"23":0,"24":0,"25":0,"26":0,"27":0,"28":0,"29":0,"30":0,"31":0,"32":0,"33":0,"34":0,"35":0,"36":0,"37":0,"38":0,"39":0,"40":0,"41":0},"f":{"0":0,"1":0,"2":0,"3":0,"4":0,"5":0,"6":0,"7":0,"8":0,"9":0,"10":0},"b":{"0":[0,0],"1":[0,0],"2":[0,0],"3":[0,0],"4":[0,0],"5":[0,0],"6":[0,0],"7":[0,0],"8":[0,0],"9":[0,0],"10":[0,0]}}
,"/home/janko/FrontendPlayground/src/Components/ImageCarousel/ImageCarouselExample.tsx": {"path":"/home/janko/FrontendPlayground/src/Components/ImageCarousel/ImageCarouselExample.tsx","statementMap":{"0":{"start":{"line":4,"column":36},"end":{"line":10,"column":1}},"1":{"start":{"line":5,"column":2},"end":{"line":9,"column":4}}},"fnMap":{"0":{"name":"(anonymous_0)","decl":{"start":{"line":4,"column":36},"end":{"line":4,"column":37}},"loc":{"start":{"line":4,"column":42},"end":{"line":10,"column":1}},"line":4}},"branchMap":{},"s":{"0":0,"1":0},"f":{"0":0},"b":{}}
,"/home/janko/FrontendPlayground/src/Components/ImageCarousel/index.ts": {"path":"/home/janko/FrontendPlayground/src/Components/ImageCarousel/index.ts","statementMap":{},"fnMap":{},"branchMap":{},"s":{},"f":{},"b":{}}
,"/home/janko/FrontendPlayground/src/Components/NestedCheckbox/BaseCheckbox.tsx": {"path":"/home/janko/FrontendPlayground/src/Components/NestedCheckbox/BaseCheckbox.tsx","statementMap":{"0":{"start":{"line":16,"column":47},"end":{"line":45,"column":1}},"1":{"start":{"line":23,"column":13},"end":{"line":23,"column":43}},"2":{"start":{"line":24,"column":23},"end":{"line":27,"column":3}},"3":{"start":{"line":25,"column":20},"end":{"line":25,"column":43}},"4":{"start":{"line":26,"column":4},"end":{"line":26,"column":30}},"5":{"start":{"line":28,"column":2},"end":{"line":30,"column":31}},"6":{"start":{"line":29,"column":4},"end":{"line":29,"column":65}},"7":{"start":{"line":29,"column":21},"end":{"line":29,"column":65}},"8":{"start":{"line":32,"column":2},"end":{"line":44,"column":4}}},"fnMap":{"0":{"name":"(anonymous_0)","decl":{"start":{"line":16,"column":47},"end":{"line":16,"column":48}},"loc":{"start":{"line":22,"column":6},"end":{"line":45,"column":1}},"line":22},"1":{"name":"(anonymous_1)","decl":{"start":{"line":24,"column":23},"end":{"line":24,"column":24}},"loc":{"start":{"line":24,"column":61},"end":{"line":27,"column":3}},"line":24},"2":{"name":"(anonymous_2)","decl":{"start":{"line":28,"column":12},"end":{"line":28,"column":13}},"loc":{"start":{"line":28,"column":18},"end":{"line":30,"column":3}},"line":28}},"branchMap":{"0":{"loc":{"start":{"line":29,"column":4},"end":{"line":29,"column":65}},"type":"if","locations":[{"start":{"line":29,"column":4},"end":{"line":29,"column":65}},{"start":{},"end":{}}],"line":29},"1":{"loc":{"start":{"line":39,"column":17},"end":{"line":39,"column":62}},"type":"cond-expr","locations":[{"start":{"line":39,"column":47},"end":{"line":39,"column":52}},{"start":{"line":39,"column":55},"end":{"line":39,"column":62}}],"line":39}},"s":{"0":1,"1":66,"2":66,"3":3,"4":3,"5":66,"6":51,"7":51,"8":66},"f":{"0":66,"1":3,"2":51},"b":{"0":[51,0],"1":[0,66]},"_coverageSchema":"1a1c01bbd47fc00a2c39e90264f33305004495a9","hash":"c3cabac9edcf337e01e70dc51df14289376f6cf9"}
,"/home/janko/FrontendPlayground/src/Components/NestedCheckbox/NestedCheckbox.tsx": {"path":"/home/janko/FrontendPlayground/src/Components/NestedCheckbox/NestedCheckbox.tsx","statementMap":{"0":{"start":{"line":17,"column":29},"end":{"line":23,"column":1}},"1":{"start":{"line":18,"column":2},"end":{"line":18,"column":26}},"2":{"start":{"line":19,"column":2},"end":{"line":19,"column":30}},"3":{"start":{"line":19,"column":23},"end":{"line":19,"column":30}},"4":{"start":{"line":20,"column":2},"end":{"line":22,"column":3}},"5":{"start":{"line":21,"column":4},"end":{"line":21,"column":41}},"6":{"start":{"line":25,"column":24},"end":{"line":29,"column":1}},"7":{"start":{"line":26,"column":2},"end":{"line":26,"column":38}},"8":{"start":{"line":26,"column":25},"end":{"line":26,"column":38}},"9":{"start":{"line":27,"column":20},"end":{"line":27,"column":60}},"10":{"start":{"line":27,"column":46},"end":{"line":27,"column":59}},"11":{"start":{"line":28,"column":2},"end":{"line":28,"column":68}},"12":{"start":{"line":31,"column":45},"end":{"line":91,"column":1}},"13":{"start":{"line":38,"column":33},"end":{"line":38,"column":77}},"14":{"start":{"line":39,"column":24},"end":{"line":39,"column":76}},"15":{"start":{"line":39,"column":38},"end":{"line":39,"column":63}},"16":{"start":{"line":41,"column":38},"end":{"line":44,"column":3}},"17":{"start":{"line":42,"column":4},"end":{"line":42,"column":41}},"18":{"start":{"line":43,"column":4},"end":{"line":43,"column":36}},"19":{"start":{"line":46,"column":48},"end":{"line":59,"column":3}},"20":{"start":{"line":47,"column":24},"end":{"line":47,"column":70}},"21":{"start":{"line":47,"column":55},"end":{"line":47,"column":69}},"22":{"start":{"line":48,"column":4},"end":{"line":58,"column":5}},"23":{"start":{"line":49,"column":6},"end":{"line":49,"column":36}},"24":{"start":{"line":50,"column":6},"end":{"line":52,"column":7}},"25":{"start":{"line":51,"column":8},"end":{"line":51,"column":40}},"26":{"start":{"line":54,"column":6},"end":{"line":57,"column":9}},"27":{"start":{"line":61,"column":25},"end":{"line":75,"column":10}},"28":{"start":{"line":64,"column":8},"end":{"line":72,"column":13}},"29":{"start":{"line":77,"column":2},"end":{"line":90,"column":4}}},"fnMap":{"0":{"name":"(anonymous_0)","decl":{"start":{"line":17,"column":29},"end":{"line":17,"column":30}},"loc":{"start":{"line":17,"column":75},"end":{"line":23,"column":1}},"line":17},"1":{"name":"(anonymous_1)","decl":{"start":{"line":25,"column":24},"end":{"line":25,"column":25}},"loc":{"start":{"line":25,"column":61},"end":{"line":29,"column":1}},"line":25},"2":{"name":"(anonymous_2)","decl":{"start":{"line":27,"column":36},"end":{"line":27,"column":37}},"loc":{"start":{"line":27,"column":46},"end":{"line":27,"column":59}},"line":27},"3":{"name":"(anonymous_3)","decl":{"start":{"line":31,"column":45},"end":{"line":31,"column":46}},"loc":{"start":{"line":37,"column":6},"end":{"line":91,"column":1}},"line":37},"4":{"name":"(anonymous_4)","decl":{"start":{"line":39,"column":32},"end":{"line":39,"column":33}},"loc":{"start":{"line":39,"column":38},"end":{"line":39,"column":63}},"line":39},"5":{"name":"(anonymous_5)","decl":{"start":{"line":41,"column":38},"end":{"line":41,"column":39}},"loc":{"start":{"line":41,"column":55},"end":{"line":44,"column":3}},"line":41},"6":{"name":"(anonymous_6)","decl":{"start":{"line":46,"column":48},"end":{"line":46,"column":49}},"loc":{"start":{"line":46,"column":79},"end":{"line":59,"column":3}},"line":46},"7":{"name":"(anonymous_7)","decl":{"start":{"line":47,"column":45},"end":{"line":47,"column":46}},"loc":{"start":{"line":47,"column":55},"end":{"line":47,"column":69}},"line":47},"8":{"name":"(anonymous_8)","decl":{"start":{"line":63,"column":20},"end":{"line":63,"column":21}},"loc":{"start":{"line":64,"column":8},"end":{"line":72,"column":13}},"line":64}},"branchMap":{"0":{"loc":{"start":{"line":19,"column":2},"end":{"line":19,"column":30}},"type":"if","locations":[{"start":{"line":19,"column":2},"end":{"line":19,"column":30}},{"start":{},"end":{}}],"line":19},"1":{"loc":{"start":{"line":26,"column":2},"end":{"line":26,"column":38}},"type":"if","locations":[{"start":{"line":26,"column":2},"end":{"line":26,"column":38}},{"start":{},"end":{}}],"line":26},"2":{"loc":{"start":{"line":28,"column":9},"end":{"line":28,"column":67}},"type":"binary-expr","locations":[{"start":{"line":28,"column":9},"end":{"line":28,"column":29}},{"start":{"line":28,"column":33},"end":{"line":28,"column":67}}],"line":28},"3":{"loc":{"start":{"line":48,"column":4},"end":{"line":58,"column":5}},"type":"if","locations":[{"start":{"line":48,"column":4},"end":{"line":58,"column":5}},{"start":{},"end":{}}],"line":48},"4":{"loc":{"start":{"line":50,"column":6},"end":{"line":52,"column":7}},"type":"if","locations":[{"start":{"line":50,"column":6},"end":{"line":52,"column":7}},{"start":{},"end":{}}],"line":50},"5":{"loc":{"start":{"line":56,"column":17},"end":{"line":56,"column":70}},"type":"cond-expr","locations":[{"start":{"line":56,"column":45},"end":{"line":56,"column":60}},{"start":{"line":56,"column":63},"end":{"line":56,"column":70}}],"line":56},"6":{"loc":{"start":{"line":61,"column":25},"end":{"line":75,"column":10}},"type":"cond-expr","locations":[{"start":{"line":62,"column":4},"end":{"line":74,"column":9}},{"start":{"line":75,"column":6},"end":{"line":75,"column":10}}],"line":61}},"s":{"0":1,"1":17,"2":17,"3":10,"4":7,"5":14,"6":1,"7":38,"8":21,"9":17,"10":34,"11":17,"12":1,"13":66,"14":66,"15":37,"16":66,"17":3,"18":3,"19":66,"20":1,"21":1,"22":1,"23":1,"24":1,"25":1,"26":1,"27":66,"28":48,"29":66},"f":{"0":17,"1":38,"2":34,"3":66,"4":37,"5":3,"6":1,"7":1,"8":48},"b":{"0":[10,7],"1":[21,17],"2":[17,14],"3":[1,0],"4":[1,0],"5":[0,1],"6":[24,42]},"_coverageSchema":"1a1c01bbd47fc00a2c39e90264f33305004495a9","hash":"9ea901158a2b5aea6021ec2caf84cb08d2937e8f"}
,"/home/janko/FrontendPlayground/src/Components/NestedCheckbox/NestedCheckboxExample.tsx": {"path":"/home/janko/FrontendPlayground/src/Components/NestedCheckbox/NestedCheckboxExample.tsx","statementMap":{"0":{"start":{"line":5,"column":37},"end":{"line":27,"column":1}},"1":{"start":{"line":6,"column":28},"end":{"line":6,"column":71}},"2":{"start":{"line":7,"column":41},"end":{"line":11,"column":5}},"3":{"start":{"line":8,"column":8},"end":{"line":10,"column":10}},"4":{"start":{"line":9,"column":10},"end":{"line":9,"column":74}},"5":{"start":{"line":9,"column":27},"end":{"line":9,"column":72}},"6":{"start":{"line":12,"column":4},"end":{"line":26,"column":6}},"7":{"start":{"line":15,"column":10},"end":{"line":23,"column":15}}},"fnMap":{"0":{"name":"(anonymous_0)","decl":{"start":{"line":5,"column":37},"end":{"line":5,"column":38}},"loc":{"start":{"line":5,"column":41},"end":{"line":27,"column":1}},"line":5},"1":{"name":"(anonymous_1)","decl":{"start":{"line":7,"column":41},"end":{"line":7,"column":42}},"loc":{"start":{"line":7,"column":72},"end":{"line":11,"column":5}},"line":7},"2":{"name":"(anonymous_2)","decl":{"start":{"line":8,"column":16},"end":{"line":8,"column":17}},"loc":{"start":{"line":9,"column":10},"end":{"line":9,"column":74}},"line":9},"3":{"name":"(anonymous_3)","decl":{"start":{"line":9,"column":19},"end":{"line":9,"column":20}},"loc":{"start":{"line":9,"column":27},"end":{"line":9,"column":72}},"line":9},"4":{"name":"(anonymous_4)","decl":{"start":{"line":14,"column":18},"end":{"line":14,"column":19}},"loc":{"start":{"line":15,"column":10},"end":{"line":23,"column":15}},"line":15}},"branchMap":{"0":{"loc":{"start":{"line":9,"column":27},"end":{"line":9,"column":72}},"type":"cond-expr","locations":[{"start":{"line":9,"column":41},"end":{"line":9,"column":68}},{"start":{"line":9,"column":71},"end":{"line":9,"column":72}}],"line":9}},"s":{"0":1,"1":6,"2":6,"3":3,"4":3,"5":9,"6":6,"7":18},"f":{"0":6,"1":3,"2":3,"3":9,"4":18},"b":{"0":[3,6]},"_coverageSchema":"1a1c01bbd47fc00a2c39e90264f33305004495a9","hash":"b86ceee5a467d7d8e1f115300d761532d24dc248"}
,"/home/janko/FrontendPlayground/src/Components/SearchComponent/SearchComponent.tsx": {"path":"/home/janko/FrontendPlayground/src/Components/SearchComponent/SearchComponent.tsx","statementMap":{"0":{"start":{"line":6,"column":29},"end":{"line":9,"column":3}},"1":{"start":{"line":6,"column":49},"end":{"line":9,"column":1}},"2":{"start":{"line":11,"column":31},"end":{"line":27,"column":1}},"3":{"start":{"line":12,"column":39},"end":{"line":12,"column":61}},"4":{"start":{"line":14,"column":19},"end":{"line":20,"column":3}},"5":{"start":{"line":15,"column":4},"end":{"line":19,"column":6}},"6":{"start":{"line":17,"column":8},"end":{"line":17,"column":62}},"7":{"start":{"line":22,"column":2},"end":{"line":26,"column":4}}},"fnMap":{"0":{"name":"(anonymous_0)","decl":{"start":{"line":6,"column":38},"end":{"line":6,"column":39}},"loc":{"start":{"line":6,"column":49},"end":{"line":9,"column":1}},"line":6},"1":{"name":"(anonymous_1)","decl":{"start":{"line":11,"column":31},"end":{"line":11,"column":32}},"loc":{"start":{"line":11,"column":37},"end":{"line":27,"column":1}},"line":11},"2":{"name":"(anonymous_2)","decl":{"start":{"line":14,"column":19},"end":{"line":14,"column":20}},"loc":{"start":{"line":14,"column":37},"end":{"line":20,"column":3}},"line":14},"3":{"name":"(anonymous_3)","decl":{"start":{"line":16,"column":24},"end":{"line":16,"column":25}},"loc":{"start":{"line":17,"column":8},"end":{"line":17,"column":62}},"line":17}},"branchMap":{},"s":{"0":0,"1":0,"2":0,"3":0,"4":0,"5":0,"6":0,"7":0},"f":{"0":0,"1":0,"2":0,"3":0},"b":{}}
,"/home/janko/FrontendPlayground/src/Components/SearchComponent/Typeahead.tsx": {"path":"/home/janko/FrontendPlayground/src/Components/SearchComponent/Typeahead.tsx","statementMap":{"0":{"start":{"line":7,"column":16},"end":{"line":8,"column":43}},"1":{"start":{"line":8,"column":2},"end":{"line":8,"column":43}},"2":{"start":{"line":14,"column":45},"end":{"line":50,"column":1}},"3":{"start":{"line":15,"column":26},"end":{"line":15,"column":38}},"4":{"start":{"line":17,"column":23},"end":{"line":21,"column":3}},"5":{"start":{"line":18,"column":18},"end":{"line":18,"column":32}},"6":{"start":{"line":19,"column":4},"end":{"line":19,"column":19}},"7":{"start":{"line":20,"column":4},"end":{"line":20,"column":20}},"8":{"start":{"line":25,"column":18},"end":{"line":25,"column":64}},"9":{"start":{"line":27,"column":4},"end":{"line":35,"column":6}},"10":{"start":{"line":30,"column":10},"end":{"line":32,"column":17}},"11":{"start":{"line":38,"column":2},"end":{"line":49,"column":4}}},"fnMap":{"0":{"name":"(anonymous_0)","decl":{"start":{"line":7,"column":16},"end":{"line":7,"column":17}},"loc":{"start":{"line":8,"column":2},"end":{"line":8,"column":43}},"line":8},"1":{"name":"(anonymous_1)","decl":{"start":{"line":14,"column":45},"end":{"line":14,"column":46}},"loc":{"start":{"line":14,"column":72},"end":{"line":50,"column":1}},"line":14},"2":{"name":"(anonymous_2)","decl":{"start":{"line":17,"column":23},"end":{"line":17,"column":24}},"loc":{"start":{"line":17,"column":61},"end":{"line":21,"column":3}},"line":17},"3":{"name":"getHighlightedText","decl":{"start":{"line":23,"column":11},"end":{"line":23,"column":29}},"loc":{"start":{"line":23,"column":44},"end":{"line":36,"column":3}},"line":23},"4":{"name":"(anonymous_4)","decl":{"start":{"line":29,"column":19},"end":{"line":29,"column":20}},"loc":{"start":{"line":30,"column":10},"end":{"line":32,"column":17}},"line":30}},"branchMap":{"0":{"loc":{"start":{"line":30,"column":35},"end":{"line":30,"column":73}},"type":"cond-expr","locations":[{"start":{"line":30,"column":57},"end":{"line":30,"column":68}},{"start":{"line":30,"column":71},"end":{"line":30,"column":73}}],"line":30},"1":{"loc":{"start":{"line":47,"column":7},"end":{"line":47,"column":46}},"type":"binary-expr","locations":[{"start":{"line":47,"column":7},"end":{"line":47,"column":11}},{"start":{"line":47,"column":15},"end":{"line":47,"column":46}}],"line":47}},"s":{"0":0,"1":0,"2":0,"3":0,"4":0,"5":0,"6":0,"7":0,"8":0,"9":0,"10":0,"11":0},"f":{"0":0,"1":0,"2":0,"3":0,"4":0},"b":{"0":[0,0],"1":[0,0]}}
,"/home/janko/FrontendPlayground/src/Components/SearchComponent/index.ts": {"path":"/home/janko/FrontendPlayground/src/Components/SearchComponent/index.ts","statementMap":{},"fnMap":{},"branchMap":{},"s":{},"f":{},"b":{}}
}
