TN:
SF:src/Components/DataTable/DataTable.tsx
FN:13,(anonymous_0)
FN:24,(anonymous_1)
FN:25,(anonymous_2)
FN:36,(anonymous_3)
FN:37,(anonymous_4)
FN:39,(anonymous_5)
FN:42,(anonymous_6)
FN:49,(anonymous_7)
FN:59,(anonymous_8)
FN:61,(anonymous_9)
FN:83,(anonymous_10)
FN:85,(anonymous_11)
FNF:12
FNH:0
FNDA:0,(anonymous_0)
FNDA:0,(anonymous_1)
FNDA:0,(anonymous_2)
FNDA:0,(anonymous_3)
FNDA:0,(anonymous_4)
FNDA:0,(anonymous_5)
FNDA:0,(anonymous_6)
FNDA:0,(anonymous_7)
FNDA:0,(anonymous_8)
FNDA:0,(anonymous_9)
FNDA:0,(anonymous_10)
FNDA:0,(anonymous_11)
DA:13,0
DA:14,0
DA:15,0
DA:18,0
DA:20,0
DA:22,0
DA:24,0
DA:25,0
DA:26,0
DA:27,0
DA:28,0
DA:30,0
DA:32,0
DA:35,0
DA:37,0
DA:38,0
DA:39,0
DA:43,0
DA:49,0
DA:59,0
DA:60,0
DA:62,0
DA:67,0
DA:83,0
DA:86,0
LF:25
LH:0
BRDA:27,0,0,0
BRDA:27,0,1,0
BRDA:41,1,0,0
BRDA:41,1,1,0
BRF:4
BRH:0
end_of_record
TN:
SF:src/Components/DataTable/DataTable.types.ts
FNF:0
FNH:0
LF:0
LH:0
BRF:0
BRH:0
end_of_record
TN:
SF:src/Components/DataTable/DataTableExample.tsx
FN:10,(anonymous_0)
FNF:1
FNH:0
FNDA:0,(anonymous_0)
DA:4,0
DA:10,0
DA:11,0
LF:3
LH:0
BRF:0
BRH:0
end_of_record
TN:
SF:src/Components/DataTable/index.ts
FNF:0
FNH:0
LF:0
LH:0
BRF:0
BRH:0
end_of_record
TN:
SF:src/Components/DataTable/useDataFilters.ts
FN:8,(anonymous_0)
FN:11,(anonymous_1)
FN:13,(anonymous_2)
FNF:3
FNH:0
FNDA:0,(anonymous_0)
FNDA:0,(anonymous_1)
FNDA:0,(anonymous_2)
DA:8,0
DA:9,0
DA:11,0
DA:12,0
DA:14,0
DA:15,0
DA:16,0
DA:18,0
DA:19,0
DA:21,0
LF:10
LH:0
BRDA:12,0,0,0
BRDA:12,0,1,0
BRDA:15,1,0,0
BRDA:15,1,1,0
BRDA:18,2,0,0
BRDA:18,2,1,0
BRF:6
BRH:0
end_of_record
TN:
SF:src/Components/DataTable/usePagination.ts
FN:12,(anonymous_0)
FN:16,(anonymous_1)
FN:17,(anonymous_2)
FN:20,(anonymous_3)
FN:21,(anonymous_4)
FN:24,(anonymous_5)
FNF:6
FNH:0
FNDA:0,(anonymous_0)
FNDA:0,(anonymous_1)
FNDA:0,(anonymous_2)
FNDA:0,(anonymous_3)
FNDA:0,(anonymous_4)
FNDA:0,(anonymous_5)
DA:12,0
DA:13,0
DA:14,0
DA:16,0
DA:17,0
DA:20,0
DA:21,0
DA:24,0
DA:25,0
DA:28,0
DA:33,0
LF:11
LH:0
BRDA:17,0,0,0
BRDA:17,0,1,0
BRDA:21,1,0,0
BRDA:21,1,1,0
BRF:4
BRH:0
end_of_record
TN:
SF:src/Components/DataTable/useSortByColumn.ts
FN:5,(anonymous_0)
FN:11,(anonymous_1)
FN:17,(anonymous_2)
FN:28,(anonymous_3)
FNF:4
FNH:0
FNDA:0,(anonymous_0)
FNDA:0,(anonymous_1)
FNDA:0,(anonymous_2)
FNDA:0,(anonymous_3)
DA:5,0
DA:8,0
DA:9,0
DA:11,0
DA:12,0
DA:16,0
DA:18,0
DA:19,0
DA:20,0
DA:21,0
DA:23,0
DA:28,0
DA:30,0
DA:31,0
DA:35,0
DA:39,0
DA:44,0
LF:17
LH:0
BRDA:20,0,0,0
BRDA:20,0,1,0
BRDA:21,1,0,0
BRDA:21,1,1,0
BRDA:30,2,0,0
BRDA:30,2,1,0
BRDA:31,3,0,0
BRDA:31,3,1,0
BRDA:35,4,0,0
BRDA:35,4,1,0
BRF:10
BRH:0
end_of_record
TN:
SF:src/Components/ImageCarousel/ImageCarousel.tsx
FN:12,(anonymous_0)
FN:26,(anonymous_1)
FN:43,preLoadImage
FN:48,(anonymous_3)
FN:55,(anonymous_4)
FN:59,(anonymous_5)
FN:61,(anonymous_6)
FN:65,(anonymous_7)
FN:67,(anonymous_8)
FN:71,(anonymous_9)
FN:82,(anonymous_10)
FNF:11
FNH:0
FNDA:0,(anonymous_0)
FNDA:0,(anonymous_1)
FNDA:0,preLoadImage
FNDA:0,(anonymous_3)
FNDA:0,(anonymous_4)
FNDA:0,(anonymous_5)
FNDA:0,(anonymous_6)
FNDA:0,(anonymous_7)
FNDA:0,(anonymous_8)
FNDA:0,(anonymous_9)
FNDA:0,(anonymous_10)
DA:12,0
DA:17,0
DA:18,0
DA:20,0
DA:21,0
DA:23,0
DA:26,0
DA:31,0
DA:32,0
DA:37,0
DA:44,0
DA:45,0
DA:48,0
DA:49,0
DA:50,0
DA:51,0
DA:52,0
DA:54,0
DA:55,0
DA:59,0
DA:60,0
DA:61,0
DA:62,0
DA:65,0
DA:66,0
DA:67,0
DA:68,0
DA:71,0
DA:72,0
DA:73,0
DA:74,0
DA:75,0
DA:79,0
DA:80,0
DA:82,0
DA:83,0
DA:84,0
DA:85,0
DA:86,0
DA:87,0
DA:88,0
DA:91,0
LF:42
LH:0
BRDA:17,0,0,0
BRDA:17,0,1,0
BRDA:17,1,0,0
BRDA:17,1,1,0
BRDA:20,2,0,0
BRDA:20,2,1,0
BRDA:20,3,0,0
BRDA:20,3,1,0
BRDA:31,4,0,0
BRDA:31,4,1,0
BRDA:31,5,0,0
BRDA:31,5,1,0
BRDA:72,6,0,0
BRDA:72,6,1,0
BRDA:80,7,0,0
BRDA:80,7,1,0
BRDA:102,8,0,0
BRDA:102,8,1,0
BRDA:108,9,0,0
BRDA:108,9,1,0
BRDA:109,10,0,0
BRDA:109,10,1,0
BRF:22
BRH:0
end_of_record
TN:
SF:src/Components/ImageCarousel/ImageCarouselExample.tsx
FN:4,(anonymous_0)
FNF:1
FNH:0
FNDA:0,(anonymous_0)
DA:4,0
DA:5,0
LF:2
LH:0
BRF:0
BRH:0
end_of_record
TN:
SF:src/Components/ImageCarousel/index.ts
FNF:0
FNH:0
LF:0
LH:0
BRF:0
BRH:0
end_of_record
TN:
SF:src/Components/NestedCheckbox/BaseCheckbox.tsx
FN:16,(anonymous_0)
FN:24,(anonymous_1)
FN:28,(anonymous_2)
FNF:3
FNH:3
FNDA:66,(anonymous_0)
FNDA:3,(anonymous_1)
FNDA:51,(anonymous_2)
DA:16,1
DA:23,66
DA:24,66
DA:25,3
DA:26,3
DA:28,66
DA:29,51
DA:32,66
LF:8
LH:8
BRDA:29,0,0,51
BRDA:29,0,1,0
BRDA:39,1,0,0
BRDA:39,1,1,66
BRF:4
BRH:2
end_of_record
TN:
SF:src/Components/NestedCheckbox/NestedCheckbox.tsx
FN:17,(anonymous_0)
FN:25,(anonymous_1)
FN:27,(anonymous_2)
FN:31,(anonymous_3)
FN:39,(anonymous_4)
FN:41,(anonymous_5)
FN:46,(anonymous_6)
FN:47,(anonymous_7)
FN:63,(anonymous_8)
FNF:9
FNH:9
FNDA:17,(anonymous_0)
FNDA:38,(anonymous_1)
FNDA:34,(anonymous_2)
FNDA:66,(anonymous_3)
FNDA:37,(anonymous_4)
FNDA:3,(anonymous_5)
FNDA:1,(anonymous_6)
FNDA:1,(anonymous_7)
FNDA:48,(anonymous_8)
DA:17,1
DA:18,17
DA:19,17
DA:20,7
DA:21,14
DA:25,1
DA:26,38
DA:27,34
DA:28,17
DA:31,1
DA:38,66
DA:39,66
DA:41,66
DA:42,3
DA:43,3
DA:46,66
DA:47,1
DA:48,1
DA:49,1
DA:50,1
DA:51,1
DA:54,1
DA:61,66
DA:64,48
DA:77,66
LF:25
LH:25
BRDA:19,0,0,10
BRDA:19,0,1,7
BRDA:26,1,0,21
BRDA:26,1,1,17
BRDA:28,2,0,17
BRDA:28,2,1,14
BRDA:48,3,0,1
BRDA:48,3,1,0
BRDA:50,4,0,1
BRDA:50,4,1,0
BRDA:56,5,0,0
BRDA:56,5,1,1
BRDA:61,6,0,24
BRDA:61,6,1,42
BRF:14
BRH:11
end_of_record
TN:
SF:src/Components/NestedCheckbox/NestedCheckboxExample.tsx
FN:5,(anonymous_0)
FN:7,(anonymous_1)
FN:8,(anonymous_2)
FN:9,(anonymous_3)
FN:14,(anonymous_4)
FNF:5
FNH:5
FNDA:6,(anonymous_0)
FNDA:3,(anonymous_1)
FNDA:3,(anonymous_2)
FNDA:9,(anonymous_3)
FNDA:18,(anonymous_4)
DA:5,1
DA:6,6
DA:7,6
DA:8,3
DA:9,9
DA:12,6
DA:15,18
LF:7
LH:7
BRDA:9,0,0,3
BRDA:9,0,1,6
BRF:2
BRH:2
end_of_record
TN:
SF:src/Components/SearchComponent/SearchComponent.tsx
FN:6,(anonymous_0)
FN:11,(anonymous_1)
FN:14,(anonymous_2)
FN:16,(anonymous_3)
FNF:4
FNH:0
FNDA:0,(anonymous_0)
FNDA:0,(anonymous_1)
FNDA:0,(anonymous_2)
FNDA:0,(anonymous_3)
DA:6,0
DA:11,0
DA:12,0
DA:14,0
DA:15,0
DA:17,0
DA:22,0
LF:7
LH:0
BRF:0
BRH:0
end_of_record
TN:
SF:src/Components/SearchComponent/Typeahead.tsx
FN:7,(anonymous_0)
FN:14,(anonymous_1)
FN:17,(anonymous_2)
FN:23,getHighlightedText
FN:29,(anonymous_4)
FNF:5
FNH:0
FNDA:0,(anonymous_0)
FNDA:0,(anonymous_1)
FNDA:0,(anonymous_2)
FNDA:0,getHighlightedText
FNDA:0,(anonymous_4)
DA:7,0
DA:8,0
DA:14,0
DA:15,0
DA:17,0
DA:18,0
DA:19,0
DA:20,0
DA:25,0
DA:27,0
DA:30,0
DA:38,0
LF:12
LH:0
BRDA:30,0,0,0
BRDA:30,0,1,0
BRDA:47,1,0,0
BRDA:47,1,1,0
BRF:4
BRH:0
end_of_record
TN:
SF:src/Components/SearchComponent/index.ts
FNF:0
FNH:0
LF:0
LH:0
BRF:0
BRH:0
end_of_record
